#
# A fatal error has been detected by the Java Runtime Environment:
#
#  EXCEPTION_ACCESS_VIOLATION (0xc0000005) at pc=0x6d166ad0, pid=7124, tid=4980
#
# JRE version: 6.0_21-b07
# Java VM: Java HotSpot(TM) Client VM (17.0-b17 mixed mode, sharing windows-x86 )
# Problematic frame:
# C  [awt.dll+0xb6ad0]
#
# If you would like to submit a bug report, please visit:
#   http://java.sun.com/webapps/bugreport/crash.jsp
# The crash happened outside the Java Virtual Machine in native code.
# See problematic frame for where to report the bug.
#

---------------  T H R E A D  ---------------

Current thread (0x03fbc800):  JavaThread "AWT-Windows" daemon [_thread_in_native, id=4980, stack(0x04360000,0x043b0000)]

siginfo: ExceptionCode=0xc0000005, reading address 0x00000000

Registers:
EAX=0x043af524, EBX=0x03fec110, ECX=0x00000396, EDX=0x00000180
ESP=0x043af50c, EBP=0x043af6b8, ESI=0x00000000, EDI=0x00000180
EIP=0x6d166ad0, EFLAGS=0x00010202

Top of Stack: (sp=0x043af50c)
0x043af50c:   043af524 00001000 00000690 03fd40b0
0x043af51c:   0000001a 00000690 03fd40b0 6d15ecfb
0x043af52c:   00000000 0400e5a0 03fd40b0 03fd40b0
0x043af53c:   043af51c 043af6b8 000003dd 00000690
0x043af54c:   03fd40b0 6d1626bf 44d20000 44774000
0x043af55c:   00000690 000003dd 0400e58c 6d163181
0x043af56c:   6d16361d 00000000 00000000 00000690
0x043af57c:   0000001a 00009824 03fbc918 00000001 

Instructions: (pc=0x6d166ad0)
0x6d166ac0:   05 00 20 00 00 50 c1 e2 05 8d 44 24 14 50 8b fa
0x6d166ad0:   8b 16 57 c1 e1 05 51 56 ff 52 2c 85 c0 0f 8c 93 


Stack: [0x04360000,0x043b0000],  sp=0x043af50c,  free space=13d043af028k
Native frames: (J=compiled Java code, j=interpreted, Vv=VM code, C=native code)
C  [awt.dll+0xb6ad0]
C  [awt.dll+0x9c6dc]
C  [USER32.dll+0x186ef]
C  [USER32.dll+0x18876]
C  [USER32.dll+0x170f4]
C  [USER32.dll+0x1738f]
C  [ntdll.dll+0x4627e]
C  [USER32.dll+0x192a9]

Java frames: (J=compiled Java code, j=interpreted, Vv=VM code)
j  sun.awt.windows.WToolkit.eventLoop()V+0
j  sun.awt.windows.WToolkit.run()V+52
j  java.lang.Thread.run()V+11
v  ~StubRoutines::call_stub

---------------  P R O C E S S  ---------------

Java Threads: ( => current thread )
  0x06ac2c00 JavaThread "TimerQueue" daemon [_thread_blocked, id=3304, stack(0x04f40000,0x04f90000)]
  0x069d8400 JavaThread "D3D Screen Updater" daemon [_thread_blocked, id=2916, stack(0x04fe0000,0x05030000)]
  0x00359c00 JavaThread "DestroyJavaVM" [_thread_blocked, id=8152, stack(0x00360000,0x003b0000)]
  0x0405b000 JavaThread "AWT-EventQueue-0" [_thread_in_native, id=7544, stack(0x04e20000,0x04e70000)]
=>0x03fbc800 JavaThread "AWT-Windows" daemon [_thread_in_native, id=4980, stack(0x04360000,0x043b0000)]
  0x03fbc000 JavaThread "AWT-Shutdown" [_thread_blocked, id=7312, stack(0x04310000,0x04360000)]
  0x03fbbc00 JavaThread "Java2D Disposer" daemon [_thread_blocked, id=8060, stack(0x04180000,0x041d0000)]
  0x01a84c00 JavaThread "Low Memory Detector" daemon [_thread_blocked, id=8028, stack(0x03dc0000,0x03e10000)]
  0x01a7ac00 JavaThread "CompilerThread0" daemon [_thread_blocked, id=3020, stack(0x03d70000,0x03dc0000)]
  0x01a79c00 JavaThread "Attach Listener" daemon [_thread_blocked, id=5408, stack(0x03d20000,0x03d70000)]
  0x01a76c00 JavaThread "Signal Dispatcher" daemon [_thread_blocked, id=7676, stack(0x03cd0000,0x03d20000)]
  0x01a37000 JavaThread "Finalizer" daemon [_thread_blocked, id=5612, stack(0x03c80000,0x03cd0000)]
  0x01a32400 JavaThread "Reference Handler" daemon [_thread_blocked, id=6316, stack(0x03c30000,0x03c80000)]

Other Threads:
  0x01a31000 VMThread [stack: 0x03be0000,0x03c30000] [id=2724]
  0x01aad400 WatcherThread [stack: 0x03e10000,0x03e60000] [id=7800]

VM state:not at safepoint (normal execution)

VM Mutex/Monitor currently owned by a thread: None

Heap
 def new generation   total 4992K, used 2625K [0x236a0000, 0x23c00000, 0x28bf0000)
  eden space 4480K,  57% used [0x236a0000, 0x23927560, 0x23b00000)
  from space 512K,   7% used [0x23b80000, 0x23b89228, 0x23c00000)
  to   space 512K,   0% used [0x23b00000, 0x23b00000, 0x23b80000)
 tenured generation   total 10944K, used 5556K [0x28bf0000, 0x296a0000, 0x336a0000)
   the space 10944K,  50% used [0x28bf0000, 0x2915d2a8, 0x2915d400, 0x296a0000)
 compacting perm gen  total 12288K, used 5617K [0x336a0000, 0x342a0000, 0x376a0000)
   the space 12288K,  45% used [0x336a0000, 0x33c1c608, 0x33c1c800, 0x342a0000)
    ro space 10240K,  54% used [0x376a0000, 0x37c1c0f0, 0x37c1c200, 0x380a0000)
    rw space 12288K,  55% used [0x380a0000, 0x3873fb80, 0x3873fc00, 0x38ca0000)

Dynamic libraries:
0x00400000 - 0x00424000 	C:\Program Files\Java\jdk1.6.0_21\jre\bin\java.exe
0x76e30000 - 0x76f6d000 	C:\Windows\SYSTEM32\ntdll.dll
0x75420000 - 0x754f4000 	C:\Windows\system32\kernel32.dll
0x75000000 - 0x7504a000 	C:\Windows\system32\KERNELBASE.dll
0x75360000 - 0x75400000 	C:\Windows\system32\ADVAPI32.dll
0x76340000 - 0x763ec000 	C:\Windows\system32\msvcrt.dll
0x768a0000 - 0x768b9000 	C:\Windows\SYSTEM32\sechost.dll
0x76ab0000 - 0x76b51000 	C:\Windows\system32\RPCRT4.dll
0x7c340000 - 0x7c396000 	C:\Program Files\Java\jdk1.6.0_21\jre\bin\msvcr71.dll
0x6d8b0000 - 0x6db57000 	C:\Program Files\Java\jdk1.6.0_21\jre\bin\client\jvm.dll
0x75290000 - 0x75359000 	C:\Windows\system32\USER32.dll
0x76a60000 - 0x76aae000 	C:\Windows\system32\GDI32.dll
0x76580000 - 0x7658a000 	C:\Windows\system32\LPK.dll
0x76670000 - 0x7670d000 	C:\Windows\system32\USP10.dll
0x72c10000 - 0x72c42000 	C:\Windows\system32\WINMM.dll
0x75400000 - 0x7541f000 	C:\Windows\system32\IMM32.DLL
0x76d60000 - 0x76e2c000 	C:\Windows\system32\MSCTF.dll
0x74eb0000 - 0x74efb000 	C:\Windows\system32\apphelp.dll
0x6d860000 - 0x6d86c000 	C:\Program Files\Java\jdk1.6.0_21\jre\bin\verify.dll
0x6d3e0000 - 0x6d3ff000 	C:\Program Files\Java\jdk1.6.0_21\jre\bin\java.dll
0x6d340000 - 0x6d348000 	C:\Program Files\Java\jdk1.6.0_21\jre\bin\hpi.dll
0x77050000 - 0x77055000 	C:\Windows\system32\PSAPI.DLL
0x6d8a0000 - 0x6d8af000 	C:\Program Files\Java\jdk1.6.0_21\jre\bin\zip.dll
0x6d0b0000 - 0x6d1fa000 	C:\Program Files\Java\jdk1.6.0_21\jre\bin\awt.dll
0x73740000 - 0x73791000 	C:\Windows\system32\WINSPOOL.DRV
0x76150000 - 0x762ac000 	C:\Windows\system32\ole32.dll
0x73c50000 - 0x73dee000 	C:\Windows\WinSxS\x86_microsoft.windows.common-controls_6595b64144ccf1df_6.0.7600.16661_none_420fe3fa2b8113bd\COMCTL32.dll
0x762e0000 - 0x76337000 	C:\Windows\system32\SHLWAPI.dll
0x73900000 - 0x73913000 	C:\Windows\system32\DWMAPI.DLL
0x73c10000 - 0x73c50000 	C:\Windows\system32\uxtheme.dll
0x62740000 - 0x6274a000 	C:\ProgramData\Real\RealPlayer\BrowserRecordPlugin\Chrome\Hook\rpchromebrowserrecordhelper.dll
0x7c3a0000 - 0x7c41b000 	C:\Windows\system32\MSVCP71.dll
0x75500000 - 0x76149000 	C:\Windows\system32\SHELL32.dll
0x74f00000 - 0x74f0c000 	C:\Windows\system32\CRYPTBASE.dll
0x6d2e0000 - 0x6d334000 	C:\Program Files\Java\jdk1.6.0_21\jre\bin\fontmanager.dll
0x6d6c0000 - 0x6d6d3000 	C:\Program Files\Java\jdk1.6.0_21\jre\bin\net.dll
0x763f0000 - 0x76425000 	C:\Windows\system32\WS2_32.dll
0x76570000 - 0x76576000 	C:\Windows\system32\NSI.dll
0x74970000 - 0x749ac000 	C:\Windows\system32\mswsock.dll
0x74960000 - 0x74966000 	C:\Windows\System32\wship6.dll
0x6d6e0000 - 0x6d6e9000 	C:\Program Files\Java\jdk1.6.0_21\jre\bin\nio.dll
0x74a30000 - 0x74a46000 	C:\Windows\system32\CRYPTSP.dll
0x74690000 - 0x746cb000 	C:\Windows\system32\rsaenh.dll
0x746d0000 - 0x746e7000 	C:\Windows\system32\USERENV.dll
0x74f80000 - 0x74f8b000 	C:\Windows\system32\profapi.dll
0x729e0000 - 0x729f0000 	C:\Windows\system32\NLAapi.dll
0x749e0000 - 0x74a24000 	C:\Windows\system32\DNSAPI.dll
0x6f430000 - 0x6f438000 	C:\Windows\System32\winrnr.dll
0x6f420000 - 0x6f430000 	C:\Windows\system32\napinsp.dll
0x6f400000 - 0x6f412000 	C:\Windows\system32\pnrpnsp.dll
0x6f3f0000 - 0x6f3fd000 	C:\Windows\system32\wshbth.dll
0x6f980000 - 0x6f9a7000 	C:\Program Files\Common Files\Microsoft Shared\Windows Live\WLIDNSP.DLL
0x04b20000 - 0x04b45000 	C:\Program Files\Bonjour\mdnsNSP.dll
0x724e0000 - 0x724fc000 	C:\Windows\system32\Iphlpapi.DLL
0x724d0000 - 0x724d7000 	C:\Windows\system32\WINNSI.DLL
0x744d0000 - 0x744d5000 	C:\Windows\System32\wshtcpip.dll
0x6f940000 - 0x6f946000 	C:\Windows\system32\rasadhlp.dll
0x72360000 - 0x72398000 	C:\Windows\System32\fwpuclnt.dll
0x699f0000 - 0x69bb3000 	C:\Windows\system32\d3d9.dll
0x74440000 - 0x74449000 	C:\Windows\system32\VERSION.dll
0x73640000 - 0x73646000 	C:\Windows\system32\d3d8thk.dll
0x5d990000 - 0x5e0f5000 	C:\Windows\system32\nvd3dum.dll
0x741f0000 - 0x74215000 	C:\Windows\system32\powrprof.dll
0x768c0000 - 0x76a5d000 	C:\Windows\system32\SETUPAPI.dll
0x75050000 - 0x75077000 	C:\Windows\system32\CFGMGR32.dll
0x76810000 - 0x7689f000 	C:\Windows\system32\OLEAUT32.dll
0x75260000 - 0x75272000 	C:\Windows\system32\DEVOBJ.dll
0x10000000 - 0x10038000 	C:\Program Files\ThinkPad\Bluetooth Software\btmmhook.dll
0x76590000 - 0x76613000 	C:\Windows\system32\CLBCatQ.DLL

VM Arguments:
jvm_args: -Xbootclasspath/p:C:\Users\mfiume\Documents\NetBeansProjects\MedSavant\${endorsed.classpath} -Dfile.encoding=UTF-8 
java_command: main.Main
Launcher Type: SUN_STANDARD

Environment Variables:
CLASSPATH=C:\Program Files\Novosoft\C2J\Bin\c2jruntime.zip;
PATH=C:\Program Files\Common Files\Microsoft Shared\Windows Live;C:\Program Files\MiKTeX 2.9\miktex/bin;C:\Windows\system32;C:\Windows;C:\Windows\System32\Wbem;C:\Windows\System32\WindowsPowerShell\v1.0\;C:\Program Files\ThinkPad\Bluetooth Software\;C:\cygwin\bin;C:\Program Files\TortoiseSVN\bin;C:\Python27\;C:\Program Files\QuickTime\QTSystem\;C:\Program Files\MATLAB\R2010b\runtime\win32;C:\Program Files\MATLAB\R2010b\bin;C:\Program Files\Windows Live\Shared;C:\Program Files\Mercurial\;C:\Program Files\Novosoft\C2J\Bin;;;C:\Program Files\Mercurial
USERNAME=mfiume
OS=Windows_NT
PROCESSOR_IDENTIFIER=x86 Family 6 Model 23 Stepping 6, GenuineIntel



---------------  S Y S T E M  ---------------

OS: Windows 7 Build 7600 

CPU:total 2 (2 cores per cpu, 1 threads per core) family 6 model 23 stepping 6, cmov, cx8, fxsr, mmx, sse, sse2, sse3, ssse3, sse4.1

Memory: 4k page, physical 3143984k(1184860k free), swap 6286204k(3338320k free)

vm_info: Java HotSpot(TM) Client VM (17.0-b17) for windows-x86 JRE (1.6.0_21-b07), built on Jul 17 2010 01:10:15 by "java_re" with MS VC++ 7.1 (VS2003)

time: Sun May 01 09:28:07 2011
elapsed time: 65234 seconds

